<?xml version="1.0" encoding="UTF-8"?>
<!-- Generated by org.testng.reporters.JUnitXMLReporter -->
<testsuite ignored="1" hostname="LENOVO" failures="0" tests="1" name="Test on Chrome" time="11.937" errors="0" timestamp="2024-07-22T14:53:08 IST">
  <testcase classname="com.example.tests.LoginTest" name="loginWithValidCredentials" time="9.077"/>
  <testcase classname="com.example.tests.LoginTest" name="loginWithInvalidCredentials" time="0.0">
    <ignored/>
  </testcase> <!-- loginWithInvalidCredentials -->
</testsuite> <!-- Test on Chrome -->
