<?xml version="1.0" encoding="UTF-8"?>
<!-- Generated by org.testng.reporters.JUnitXMLReporter -->
<testsuite ignored="0" hostname="LENOVO" failures="0" tests="3" name="Test on Chrome" time="20.722" errors="0" timestamp="2024-07-22T15:21:13 IST">
  <testcase classname="com.example.tests.LoginTest" name="loginWithInvalidCredentials" time="4.68"/>
  <testcase classname="com.example.tests.LoginTest" name="loginWithValidCredentials" time="4.323"/>
  <testcase classname="com.example.tests.TrasactProductsTest" name="addProductsAndVerifyCart" time="7.925"/>
</testsuite> <!-- Test on Chrome -->
